[debug] [2024-05-06T15:27:30.906Z] ----------------------------------------------------------------------
[debug] [2024-05-06T15:27:30.909Z] Command:       D:\Softwares\node.exe C:\Users\Matias\AppData\Roaming\npm\node_modules\firebase-tools\lib\bin\firebase.js init
[debug] [2024-05-06T15:27:30.910Z] CLI Version:   13.8.0
[debug] [2024-05-06T15:27:30.910Z] Platform:      win32
[debug] [2024-05-06T15:27:30.910Z] Node Version:  v18.16.1
[debug] [2024-05-06T15:27:30.912Z] Time:          Mon May 06 2024 12:27:30 GMT-0300 (hora estándar de Argentina)
[debug] [2024-05-06T15:27:30.913Z] ----------------------------------------------------------------------
[debug] 
[debug] [2024-05-06T15:27:30.921Z] > command requires scopes: ["email","openid","https://www.googleapis.com/auth/cloudplatformprojects.readonly","https://www.googleapis.com/auth/firebase","https://www.googleapis.com/auth/cloud-platform"]
[debug] [2024-05-06T15:27:30.922Z] > authorizing via signed-in user (mati69lbt@gmail.com)
[info] 
     ######## #### ########  ######## ########     ###     ######  ########
     ##        ##  ##     ## ##       ##     ##  ##   ##  ##       ##
     ######    ##  ########  ######   ########  #########  ######  ######
     ##        ##  ##    ##  ##       ##     ## ##     ##       ## ##
     ##       #### ##     ## ######## ########  ##     ##  ######  ########

You're about to initialize a Firebase project in this directory:

  E:\Marzo 24\Back_controlDeGastos

[info] 
=== Project Setup
[info] 
[info] First, let's associate this project directory with a Firebase project.
[info] You can create multiple project aliases by running firebase use --add, 
[info] but for now we'll just set up a default project.
[info] 
[debug] [2024-05-06T15:29:05.280Z] >>> [apiv2][query] GET https://firebase.googleapis.com/v1beta1/projects pageSize=100
[debug] [2024-05-06T15:29:06.209Z] <<< [apiv2][status] GET https://firebase.googleapis.com/v1beta1/projects 200
[debug] [2024-05-06T15:29:06.210Z] <<< [apiv2][body] GET https://firebase.googleapis.com/v1beta1/projects [omitted]
[info] i  Using project backgastos (backGastos) 
[info] 
=== Hosting Setup
[debug] [2024-05-06T15:29:12.124Z] >>> [apiv2][query] GET https://firebase.googleapis.com/v1beta1/projects/backgastos [none]
[debug] [2024-05-06T15:29:12.614Z] <<< [apiv2][status] GET https://firebase.googleapis.com/v1beta1/projects/backgastos 200
[debug] [2024-05-06T15:29:12.614Z] <<< [apiv2][body] GET https://firebase.googleapis.com/v1beta1/projects/backgastos {"projectId":"backgastos","projectNumber":"325624558951","displayName":"backGastos","name":"projects/backgastos","resources":{"hostingSite":"backgastos"},"state":"ACTIVE","etag":"1_2f4d0e99-c1ef-459c-9467-2866063c6338"}
[info] 
[info] Your public directory is the folder (relative to your project directory) that
[info] will contain Hosting assets to be uploaded with firebase deploy. If you
[info] have a build process for your assets, use your build's output directory.
[info] 
